current time: 0
---
total number of peers: 0
---
global randomness: {}
---
out-degree: {}
---
in-degree: {}
---
graph statistics: 
Diameter: 0
Average path length: 0,0000
Clustering-coefficient: 0,0000
Average in-degree: NaN
In-degree standard deviation: NaN
Average out-degree: 0,0000
Biggest cluster size: -2.147483648E9
---
###
current time: 1
---
total number of peers: 2
---
global randomness: {0=2}
---
out-degree: {0=2}
---
in-degree: {0=2}
---
graph statistics: 
Diameter: 2
Average path length: 2,0000
Clustering-coefficient: 1,0000
Average in-degree: 0,0000
In-degree standard deviation: 0,0000
Average out-degree: 0,0000
Biggest cluster size: 1.0
---
peer: 353, prtners: null
peer: 2630, prtners: null
###
current time: 2
---
total number of peers: 15
---
global randomness: {0=15}
---
out-degree: {0=4, 1=10, 10=1}
---
in-degree: {0=4, 1=6, 2=3, 3=1, 5=1}
---
graph statistics: 
Diameter: 15
Average path length: 12,9952
Clustering-coefficient: 0,9393
Average in-degree: 1,1765
In-degree standard deviation: 1,3339
Average out-degree: 1,3333
Biggest cluster size: 12.0
---
peer: 5820, prtners: [539]
peer: 2691, prtners: [3631]
peer: 539, prtners: [3631]
peer: 353, prtners: null
peer: 2630, prtners: [3631, 2691, 3042, 4046, 3975, 1462, 3073, 7289, 1080, 5820]
peer: 1462, prtners: [539]
peer: 3042, prtners: [2691]
peer: 3073, prtners: [3975]
peer: 7289, prtners: [539]
peer: 3975, prtners: [539]
peer: 3631, prtners: []
peer: 3648, prtners: null
peer: 4046, prtners: [539]
peer: 1080, prtners: [4046]
peer: 3415, prtners: null
###
current time: 3
---
total number of peers: 31
---
global randomness: {0=31}
---
out-degree: {0=3, 1=21, 2=1, 6=2, 8=1, 9=1, 10=2}
---
in-degree: {0=2, 1=6, 2=15, 3=1, 4=4, 5=2, 7=1}
---
graph statistics: 
Diameter: 31
Average path length: 11,8763
Clustering-coefficient: 0,8134
Average in-degree: 1,9167
In-degree standard deviation: 1,5551
Average out-degree: 2,3226
Biggest cluster size: 29.0
---
peer: 3188, prtners: [6332]
peer: 725, prtners: [8178]
peer: 539, prtners: [4046, 3975, 1462, 2691, 7289, 5820]
peer: 1462, prtners: [3975]
peer: 3073, prtners: []
peer: 7289, prtners: [3975]
peer: 6746, prtners: [8178]
peer: 3975, prtners: [3073, 4046]
peer: 6760, prtners: [6547]
peer: 8178, prtners: [2691]
peer: 3631, prtners: [3073, 1080, 2630, 2691, 539, 725, 3188, 7336, 4253, 6746]
peer: 2611, prtners: [1913]
peer: 401, prtners: [3378]
peer: 3648, prtners: [2691]
peer: 67, prtners: [8178]
peer: 1324, prtners: null
peer: 4046, prtners: [1080]
peer: 1080, prtners: [4046]
peer: 6547, prtners: [8178]
peer: 5820, prtners: [539]
peer: 2691, prtners: [3415, 725, 3188, 4253, 3042, 3073]
peer: 7336, prtners: [8178, 1913, 2611, 6547, 6760, 3378, 4419, 401]
peer: 353, prtners: null
peer: 2630, prtners: [2691, 3042, 4046, 3975, 1462, 3073, 7289, 1080, 5820]
peer: 3042, prtners: [3648, 3415, 67, 6332, 6746, 1462, 3073, 1080, 2630, 3631]
peer: 1913, prtners: [8178]
peer: 4253, prtners: [67]
peer: 4419, prtners: [6547]
peer: 3378, prtners: [6547]
peer: 6332, prtners: [8178]
peer: 3415, prtners: [3648]
###
current time: 4
---
total number of peers: 40
---
global randomness: {0=40}
---
out-degree: {0=4, 1=20, 2=4, 3=1, 4=1, 6=2, 10=8}
---
in-degree: {0=2, 1=8, 2=5, 3=6, 4=10, 5=4, 6=4, 7=1}
---
graph statistics: 
Diameter: 40
Average path length: 23,9500
Clustering-coefficient: 0,7975
Average in-degree: 2,4886
In-degree standard deviation: 1,7940
Average out-degree: 3,1750
Biggest cluster size: 39.0
---
peer: 2523, prtners: [1324]
peer: 3188, prtners: []
peer: 725, prtners: [6332]
peer: 539, prtners: [4046, 3975, 1462, 7289, 5820, 4253, 3042, 3648, 1080, 2630]
peer: 5505, prtners: [6760]
peer: 1462, prtners: [3073]
peer: 3073, prtners: [8178, 539, 7336, 6746, 3631, 3415, 1080, 2630, 3042, 4046]
peer: 7289, prtners: [1462]
peer: 6746, prtners: [1913, 4046, 3648, 2691, 539, 1080]
peer: 2035, prtners: null
peer: 3975, prtners: [3073, 1462, 7289]
peer: 6760, prtners: [2611]
peer: 8178, prtners: [6332, 67, 725, 4419, 401, 5505, 7336, 1913, 6746, 6547]
peer: 3631, prtners: [1080, 2630, 725, 3188, 4253, 6746, 3042, 3648, 8178, 2691]
peer: 2611, prtners: [67]
peer: 401, prtners: [3378]
peer: 3648, prtners: [3415, 725]
peer: 67, prtners: [725, 4253]
peer: 1324, prtners: [6547]
peer: 4046, prtners: [3073, 3975]
peer: 1080, prtners: [4046, 3648, 2691, 539, 6746, 3073]
peer: 6547, prtners: [2611, 6760, 3378, 4419]
peer: 5820, prtners: [2691]
peer: 2691, prtners: [725, 3188, 8178, 7289, 2630, 4046, 3975, 1462, 539, 5820]
peer: 7336, prtners: [1913, 3378, 372, 6332, 7866, 5065, 2523, 1477, 2035, 1654]
peer: 353, prtners: null
peer: 2630, prtners: [4046, 3975, 1462, 7289, 1080, 5820, 3415, 3188, 3648, 8178]
peer: 3042, prtners: [3648, 3415, 67, 6332, 6746, 1462, 3073, 1080, 2630, 3631]
peer: 1477, prtners: [67]
peer: 1913, prtners: [67, 2611]
peer: 5988, prtners: [5505]
peer: 5065, prtners: [725]
peer: 1654, prtners: [401]
peer: 4253, prtners: [725]
peer: 7866, prtners: [6760]
peer: 4419, prtners: [2611]
peer: 372, prtners: [6547]
peer: 3378, prtners: [6760]
peer: 6332, prtners: [3188]
peer: 3415, prtners: []
###
current time: 5
---
total number of peers: 42
---
global randomness: {0=42}
---
out-degree: {0=3, 1=14, 2=3, 3=2, 5=2, 6=2, 7=2, 9=2, 10=12}
---
in-degree: {0=1, 1=2, 2=4, 3=8, 4=5, 5=8, 6=6, 7=2, 8=4, 11=1, 13=1}
---
graph statistics: 
Diameter: 42
Average path length: 10,0703
Clustering-coefficient: 0,6809
Average in-degree: 3,2154
In-degree standard deviation: 2,3194
Average out-degree: 4,7381
Biggest cluster size: 41.0
---
peer: 2523, prtners: [4419]
peer: 3188, prtners: [3415]
peer: 725, prtners: [3415, 4253, 5065, 3975, 6332, 3648, 3631, 7289, 1080, 5820]
peer: 539, prtners: [3975, 1462, 7289, 5820, 4253, 3042, 3648, 4046, 1913, 2630]
peer: 5505, prtners: [2611, 5988]
peer: 1462, prtners: [7289, 4046]
peer: 3073, prtners: [7336, 3415, 3042, 4046, 1462, 2691, 1913, 6746, 3188, 3648]
peer: 680, prtners: [7866]
peer: 7289, prtners: []
peer: 6746, prtners: [1913, 4046, 2691, 539, 1080, 3415, 6332]
peer: 2035, prtners: [5988]
peer: 3975, prtners: [1462, 7289, 8178, 539, 6746]
peer: 6760, prtners: [5505, 7866, 4419, 1324, 3378, 401]
peer: 8178, prtners: [6332, 67, 725, 401, 5505, 7336, 1913, 6746, 6547, 2611]
peer: 3631, prtners: [3188, 4253, 6746, 3042, 3648, 8178, 2691, 5820, 1462, 539]
peer: 2611, prtners: [3378, 1324, 6547, 5505, 7866, 6760, 67, 401, 7336, 4419]
peer: 401, prtners: [1654]
peer: 3648, prtners: [3415, 6332, 1913, 4046, 2691, 539, 6746]
peer: 67, prtners: [4253, 3415, 3648, 2611, 1477]
peer: 1324, prtners: [4419, 2523]
peer: 4046, prtners: [3975, 3042, 7289]
peer: 1080, prtners: [539, 3042, 3631, 7289, 3975, 3073, 67, 2630, 5820, 2691]
peer: 6547, prtners: [6760, 3378, 4419, 1324, 372, 4253]
peer: 5820, prtners: [725]
peer: 2691, prtners: [8178, 7289, 4046, 1462, 539, 3415, 3648, 67, 4253, 5065]
peer: 7336, prtners: [3378, 372, 2523, 1477, 2035, 1654, 680, 5296, 67, 2611]
peer: 353, prtners: null
peer: 2630, prtners: [3975, 7289, 5820, 3415, 3188, 3648, 8178, 2691, 539, 1913]
peer: 3042, prtners: [3648, 67, 6746, 1462, 2630, 3631, 7336, 3073, 1913, 539]
peer: 5296, prtners: [5065]
peer: 1477, prtners: [3415]
peer: 1913, prtners: [67, 2611, 1477, 2035, 1654, 7336, 3415, 3648, 725, 3188]
peer: 5988, prtners: [2611]
peer: 5065, prtners: [3648]
peer: 1654, prtners: []
peer: 4253, prtners: [3648]
peer: 7866, prtners: [5505]
peer: 4419, prtners: [67, 401, 7336, 8178, 4253, 372, 6547, 5505, 6760]
peer: 372, prtners: [4419]
peer: 3378, prtners: [401, 7866, 1324]
peer: 6332, prtners: [3415, 3648, 725, 3188, 67, 2611, 1477, 2035, 1913]
peer: 3415, prtners: []
###
current time: 6
---
total number of peers: 42
---
global randomness: {0=42}
---
out-degree: {0=2, 1=9, 2=2, 3=3, 4=2, 6=2, 7=2, 8=1, 10=19}
---
in-degree: {0=1, 3=6, 4=3, 5=9, 6=6, 7=6, 8=4, 9=3, 10=2, 11=2}
---
graph statistics: 
Diameter: 42
Average path length: 5,3705
Clustering-coefficient: 0,6046
Average in-degree: 3,9070
In-degree standard deviation: 2,6386
Average out-degree: 6,0476
Biggest cluster size: 41.0
---
peer: 2523, prtners: [401]
peer: 3188, prtners: [2611]
peer: 725, prtners: [3415, 5065, 6332, 3631, 7289, 1080, 5820, 1913, 4046, 6746]
peer: 539, prtners: [5820, 4046, 2630, 6332, 1080, 6746, 2611, 3188, 1462, 4253]
peer: 5505, prtners: [5988, 67, 680, 7866]
peer: 1462, prtners: [7289, 3975, 3042]
peer: 3073, prtners: [7336, 3042, 4046, 1462, 1913, 3188, 7289, 4253, 539, 3631]
peer: 680, prtners: [5505]
peer: 7289, prtners: [3975, 4046, 3631, 3415, 3073, 2630, 2691, 1080]
peer: 6746, prtners: [1080, 6332, 7336, 1913, 3042, 1462, 7289, 8178, 539, 3975]
peer: 2035, prtners: [2611]
peer: 3975, prtners: [1462, 7289, 8178, 539, 4046, 3415, 3648]
peer: 6760, prtners: [5505, 7866, 3378, 401, 6547, 67, 7336, 8178, 1324, 372]
peer: 8178, prtners: [67, 401, 7336, 6746, 2611, 3648, 725, 1477, 2035, 1913]
peer: 3631, prtners: [3188, 6746, 2691, 5820, 1462, 539, 3975, 2630, 7289, 4253]
peer: 2611, prtners: [3378, 1324, 7336, 4419, 3415, 6332, 372, 3648, 2035, 5988]
peer: 401, prtners: [1654, 3378]
peer: 3648, prtners: [5820, 3188, 5296, 5065, 8178, 3631, 3415, 2691, 6746, 3073]
peer: 67, prtners: [680, 5296, 7336, 3188, 401, 5988, 2611, 5505, 1324, 4419]
peer: 1324, prtners: [2523, 4253, 6760, 401, 7866, 3378]
peer: 4046, prtners: [3975, 3042, 7289, 1462]
peer: 1080, prtners: [539, 3042, 3631, 3073, 67, 2630, 5820, 2691, 4046, 3415]
peer: 6547, prtners: [4419, 1324, 372, 4253, 5505, 7866, 3378]
peer: 5820, prtners: [3188]
peer: 2691, prtners: [8178, 4046, 1462, 539, 3648, 4253, 5065, 2611, 1477, 67]
peer: 7336, prtners: [3378, 2523, 2035, 1654, 2611, 4253, 3648, 1477, 3415, 725]
peer: 353, prtners: null
peer: 2630, prtners: [3975, 7289, 8178, 2691, 539, 1913, 6332, 4046, 6746, 725]
peer: 3042, prtners: [67, 2630, 3073, 1913, 539, 3415, 6332, 3975, 4046, 7289]
peer: 5296, prtners: [3648]
peer: 1477, prtners: [1080]
peer: 1913, prtners: [2035, 1654, 7336, 3415, 3648, 725, 3188, 2611, 1477, 6332]
peer: 5988, prtners: [2035, 5505, 372]
peer: 5065, prtners: [5296, 725, 3415]
peer: 1654, prtners: []
peer: 4253, prtners: [7289]
peer: 7866, prtners: [680, 5988]
peer: 4419, prtners: [8178, 6547, 1324, 372, 401, 6760, 2523, 1913, 5988, 2611]
peer: 372, prtners: [5505]
peer: 3378, prtners: [7866, 2523, 4253, 6760, 1654, 401]
peer: 6332, prtners: [3188, 2035, 1913, 5505, 6547, 8178, 4253, 3648, 2611, 1477]
peer: 3415, prtners: [2611, 67, 3188, 7289, 1462, 4253, 2691, 1080, 539, 1477]
###
current time: 7
---
total number of peers: 42
---
global randomness: {0=39, 1=3}
---
out-degree: {0=2, 1=5, 3=1, 5=3, 6=3, 7=2, 8=3, 10=23}
---
in-degree: {0=1, 3=3, 4=2, 5=1, 6=9, 7=6, 8=7, 9=4, 10=4, 11=3, 13=2}
---
graph statistics: 
Diameter: 42
Average path length: 4,9814
Clustering-coefficient: 0,5608
Average in-degree: 4,5794
In-degree standard deviation: 2,9758
Average out-degree: 7,3333
Biggest cluster size: 41.0
---
peer: 2523, prtners: [401, 2035, 5505, 7866, 5988]
peer: 3188, prtners: [5820, 7336, 5988]
peer: 725, prtners: [5065, 6332, 1080, 1913, 6746, 4253, 539, 1477, 3631, 3073]
peer: 539, prtners: [5820, 4046, 1080, 2611, 3188, 1462, 4253, 8178, 3415, 5296]
peer: 5505, prtners: [5988, 7866, 7336, 2611, 1324, 680, 372]
peer: 1462, prtners: [7289, 3975, 1913, 3378, 372]
peer: 3073, prtners: [3042, 3188, 7289, 4253, 539, 3631, 2035, 7336, 3975, 6746]
peer: 680, prtners: [401, 2035, 5505, 7866, 2523]
peer: 7289, prtners: [3073, 2630, 2611, 3188, 4253, 539, 3415, 3648, 4046, 3042]
peer: 6746, prtners: [1080, 7336, 8178, 5296, 3073, 3648, 2611, 1477, 67, 2630]
peer: 2035, prtners: [3378]
peer: 3975, prtners: [8178, 539, 1462, 1477, 3042, 2691, 1080, 4253, 3415, 7289]
peer: 6760, prtners: [7866, 401, 7336, 8178, 1324, 372, 680, 3188, 2035, 1654]
peer: 8178, prtners: [401, 7336, 2611, 725, 1913, 5296, 1324, 4419, 7866, 5505]
peer: 3631, prtners: [3188, 6746, 3975, 2630, 7289, 4253, 6332, 725, 5065, 3073]
peer: 2611, prtners: [1324, 4419, 6332, 2035, 3188, 1462, 1080, 7336, 1913, 5820]
peer: 401, prtners: [1654, 2523, 2611, 1324, 7866, 5505, 67]
peer: 3648, prtners: [5820, 8178, 3631, 3042, 539, 5296, 2035, 1913, 4253, 6332]
peer: 67, prtners: [5988, 6746, 3648, 1477, 8178, 5505, 3378, 6547, 1324, 6760]
peer: 1324, prtners: [2523, 6760, 401, 7866, 3378, 7289]
peer: 4046, prtners: [3042, 7289, 1462, 8178, 539, 3648]
peer: 1080, prtners: [3042, 67, 2691, 4046, 1477, 2611, 5065, 3073, 1462, 3975]
peer: 6547, prtners: [4253, 5505, 7866, 3378, 8178, 1324, 372, 2611]
peer: 5820, prtners: [7336]
peer: 2691, prtners: [4253, 5065, 3073, 5820, 1462, 539, 3631, 3648, 3188, 1477]
peer: 7336, prtners: [3378, 2523, 2035, 1654, 1477, 67, 2691, 4046, 3073, 7289]
peer: 353, prtners: null
peer: 2630, prtners: [3975, 8178, 1913, 6332, 6746, 725, 4046, 1462, 539, 67]
peer: 3042, prtners: [67, 539, 6332, 4046, 3648, 3188, 5296, 7289, 3975, 1462]
peer: 5296, prtners: [1462]
peer: 1477, prtners: [2630]
peer: 1913, prtners: [1654, 6332, 4253, 725, 2691, 4046, 1462, 539, 3631, 3073]
peer: 5988, prtners: [2035, 5505, 372, 680, 7289, 6760, 7866, 401]
peer: 5065, prtners: [5296, 725, 5820, 6746, 372]
peer: 1654, prtners: []
peer: 4253, prtners: [2523, 401, 1324, 680, 5988, 1913, 5505, 7866, 3378, 4419]
peer: 7866, prtners: [7289, 2523, 6760, 401, 4253, 2035, 5505, 372, 1654, 3378]
peer: 4419, prtners: [401, 6760, 2523, 5988, 7866, 3378, 6547, 7289, 1324, 680]
peer: 372, prtners: [7336]
peer: 3378, prtners: [2523, 6760, 1654, 401, 680, 4253, 2035, 372]
peer: 6332, prtners: [2035, 1913, 5505, 6547, 1477, 2630, 6746, 1462, 4253, 539]
peer: 3415, prtners: [725, 1913, 3042, 8178, 3975, 539, 3631, 5820, 4046, 1080]
###
current time: 8
---
total number of peers: 42
---
global randomness: {0=38, 1=4}
---
out-degree: {0=2, 1=3, 5=1, 7=1, 10=35}
---
in-degree: {0=1, 4=3, 5=3, 6=3, 7=5, 8=8, 9=3, 10=5, 11=1, 12=4, 13=2, 14=1, 15=3}
---
graph statistics: 
Diameter: 42
Average path length: 4,7886
Clustering-coefficient: 0,5480
Average in-degree: 5,2539
In-degree standard deviation: 3,3981
Average out-degree: 8,6905
Biggest cluster size: 41.0
---
peer: 2523, prtners: [5505, 7866, 5988, 1654, 2611, 1324, 401, 6760, 680, 3378]
peer: 3188, prtners: [5988, 2691, 4046, 7289, 6332, 5065, 3631, 3975, 6746, 3073]
peer: 725, prtners: [5065, 6332, 6746, 4253, 539, 1477, 4046, 1462, 3631, 3073]
peer: 539, prtners: [8178, 3415, 5296, 1477, 725, 1913, 7289, 3975, 3378, 7336]
peer: 5505, prtners: [7866, 372, 2035, 7289, 1324, 5988, 4253, 8178, 2611, 6547]
peer: 1462, prtners: [5296, 4419, 1913, 2611, 6332, 3042, 67, 2691, 5065, 3073]
peer: 3073, prtners: [3042, 4253, 539, 2035, 7336, 6746, 5820, 67, 7289, 3631]
peer: 680, prtners: [2035, 5505, 7866, 2523, 1654, 1324, 5988]
peer: 7289, prtners: [3188, 401, 2035, 1324, 680, 5988, 6547, 2630, 1462, 67]
peer: 6746, prtners: [7336, 5296, 3073, 67, 2630, 1913, 5820, 6332, 3648, 539]
peer: 2035, prtners: [6332, 4253, 2523, 1477, 7289, 7336, 1324, 680, 3188, 6760]
peer: 3975, prtners: [539, 1477, 2691, 4253, 3415, 7289, 2630, 2611, 6746, 4046]
peer: 6760, prtners: [372, 67, 5505, 7866, 2611, 5988, 7289, 1324, 680, 2523]
peer: 8178, prtners: [725, 3415, 6746, 7289, 1462, 539, 4046, 3042, 1080, 3975]
peer: 3631, prtners: [6746, 2630, 4253, 725, 3073, 5820, 5988, 67, 2691, 4046]
peer: 2611, prtners: [1324, 6332, 2035, 3188, 1913, 5820, 7289, 3975, 3378, 372]
peer: 401, prtners: [1654, 2611, 1324, 5505, 67, 2035, 7866, 5988, 2523, 680]
peer: 3648, prtners: [5296, 6332, 5505, 3378, 67, 5065, 3073, 3631, 1477, 2691]
peer: 67, prtners: [6746, 1477, 8178, 6547, 6760, 3042, 4253, 7336, 7866, 539]
peer: 1324, prtners: [6760, 7289, 4253, 5505, 3378, 67, 2035, 7866, 2523, 401]
peer: 4046, prtners: [3042, 7289, 1462, 539, 3648, 3975, 1080, 1477, 67, 6746]
peer: 1080, prtners: [4046, 1477, 2611, 3073, 3975, 372, 5820, 725, 539, 1462]
peer: 6547, prtners: [3378, 8178, 1324, 372, 2611, 6760, 401, 2523, 5988, 4253]
peer: 5820, prtners: [4046]
peer: 2691, prtners: [4253, 5820, 1462, 539, 3188, 1477, 401, 3415, 5988, 1324]
peer: 7336, prtners: [3378, 4046, 3073, 5988, 3188, 372, 2611, 3415, 3648, 5820]
peer: 353, prtners: null
peer: 2630, prtners: [6746, 725, 4046, 539, 2611, 5505, 3975, 3415, 6332, 1477]
peer: 3042, prtners: [67, 3188, 5296, 7289, 3975, 1462, 539, 2611, 3415, 8178]
peer: 5296, prtners: [1913]
peer: 1477, prtners: [67]
peer: 1913, prtners: [1654, 2691, 3631, 3073, 1080, 4046, 2611, 3188, 4253, 8178]
peer: 5988, prtners: [401, 7336, 1324, 372, 5505, 3073, 4253, 539, 2035, 7866]
peer: 5065, prtners: [5296, 725, 5820, 6746, 1654]
peer: 1654, prtners: []
peer: 4253, prtners: [5988, 1913, 7866, 3378, 4419, 7336, 2611, 680, 2035, 401]
peer: 7866, prtners: [4253, 372, 3378, 3415, 4046, 3042, 6547, 7289, 1324, 4419]
peer: 4419, prtners: [401, 2523, 5988, 3378, 1324, 680, 1654, 2630, 3648, 4046]
peer: 372, prtners: [1654, 5296, 5820, 6746, 5065, 1477, 2611, 725, 1462, 1080]
peer: 3378, prtners: [6760, 1654, 680, 4253, 372, 2035, 7866, 2611, 1324, 401]
peer: 6332, prtners: [1913, 5505, 1477, 6746, 4253, 8178, 4046, 3188, 3975, 3042]
peer: 3415, prtners: [3042, 3631, 5820, 4046, 1080, 5296, 1324, 4419, 7866, 5505]
###
current time: 9
---
total number of peers: 42
---
global randomness: {0=34, 1=8}
---
out-degree: {0=1, 1=1, 4=1, 5=1, 8=1, 10=37}
---
in-degree: {0=1, 4=1, 5=3, 7=4, 8=8, 9=7, 10=3, 11=8, 12=1, 13=1, 14=4, 15=1}
---
graph statistics: 
Diameter: 42
Average path length: 3,7642
Clustering-coefficient: 0,4755
Average in-degree: 5,8154
In-degree standard deviation: 3,6185
Average out-degree: 9,2381
Biggest cluster size: 41.0
---
peer: 2523, prtners: [5505, 7866, 680, 8178, 5988, 7289, 2035, 3378, 1477, 3415]
peer: 3188, prtners: [2691, 3631, 3975, 6746, 3073, 67, 2035, 1324, 8178, 5505]
peer: 725, prtners: [6332, 6746, 539, 1477, 3073, 5988, 1913, 7866, 3378, 680]
peer: 539, prtners: [7336, 3975, 6746, 4046, 1462, 6547, 1324, 7866, 3631, 7289]
peer: 5505, prtners: [8178, 67, 5065, 3073, 2691, 3648, 401, 6332, 6760, 2035]
peer: 1462, prtners: [5296, 1913, 2611, 67, 2691, 5065, 3073, 5505, 3188, 3042]
peer: 3073, prtners: [2035, 7336, 5820, 67, 3631, 5505, 5988, 4046, 3042, 6547]
peer: 680, prtners: [2035, 2523, 1654, 5988, 2630, 3042, 5296, 401, 1324, 4419]
peer: 7289, prtners: [4253, 3073, 2630, 1477, 5296, 1913, 5505, 7866, 5988, 401]
peer: 6746, prtners: [5296, 2630, 6332, 539, 4046, 5988, 372, 5820, 1324, 3631]
peer: 2035, prtners: [2523, 1477, 3188, 1462, 67, 1324, 401, 5065, 725, 4253]
peer: 3975, prtners: [4253, 2630, 6746, 1462, 8178, 67, 5505, 3188, 3042, 1477]
peer: 6760, prtners: [67, 5505, 7866, 2611, 7289, 2523, 5296, 6547, 7336, 5988]
peer: 8178, prtners: [3415, 6746, 7289, 1462, 4046, 3042, 1080, 3975, 1477, 3378]
peer: 3631, prtners: [4253, 725, 3073, 5988, 67, 2691, 4046, 6332, 539, 372]
peer: 2611, prtners: [3378, 5988, 5296, 5065, 1080, 7289, 3975, 1462, 8178, 3042]
peer: 401, prtners: [1654, 2611, 5505, 7866, 5988, 2523, 680, 7289, 4253, 3378]
peer: 3648, prtners: [5296, 6332, 3378, 3631, 1477, 2035, 5988, 4253, 2611, 6547]
peer: 67, prtners: [6746, 1477, 6547, 7336, 7866, 5296, 1913, 7289, 725, 8178]
peer: 1324, prtners: [6547, 372, 5988, 5820, 1477, 3415, 2691, 401, 680, 2523]
peer: 4046, prtners: [3042, 3648, 6746, 6760, 3415, 2630, 3975, 1654, 1080, 5820]
peer: 1080, prtners: [4046, 3073, 3975, 725, 539, 1462, 1654, 5296, 5820, 6746]
peer: 6547, prtners: [3378, 8178, 2611, 401, 4253, 2035, 2630, 3631, 5505, 3415]
peer: 5820, prtners: [4046]
peer: 2691, prtners: [1462, 539, 3188, 401, 5988, 3415, 2523, 6760, 4253, 2611]
peer: 7336, prtners: [3188, 3415, 3648, 1324, 5505, 2630, 67, 1913, 539, 6746]
peer: 353, prtners: null
peer: 2630, prtners: [6746, 725, 539, 3415, 6332, 1477, 2035, 1913, 3378, 372]
peer: 3042, prtners: [67, 3188, 5296, 539, 3415, 8178, 6332, 4046, 5820, 7336]
peer: 5296, prtners: [725, 5820, 6746, 5065, 2611, 1080, 372, 1654]
peer: 1477, prtners: [67, 5505, 3188, 3042, 6332, 2691, 7289, 2611, 4046, 1462]
peer: 1913, prtners: [3631, 3073, 1080, 4046, 3188, 8178, 5296, 401, 5065, 1462]
peer: 5988, prtners: [401, 5505, 3073, 4253, 539, 2523, 3042, 5296, 3415, 6547]
peer: 5065, prtners: [725, 5820, 6746, 1654]
peer: 1654, prtners: [5296, 5820, 2611, 1080, 372]
peer: 4253, prtners: [4419, 3631, 2691, 680, 6760, 3975, 8178, 3042, 67, 539]
peer: 7866, prtners: [3378, 3415, 4046, 3042, 6547, 1324, 4419, 372, 6332, 3188]
peer: 4419, prtners: [2523, 5988, 1654, 2630, 3648, 4046, 5505, 7866, 3042, 5296]
peer: 372, prtners: [6746, 5065, 1477, 725, 1462, 1080, 7289, 3073, 7336, 2611]
peer: 3378, prtners: [1654, 4253, 372, 2035, 2611, 401, 7336, 7866, 2523, 6760]
peer: 6332, prtners: [6746, 4253, 8178, 4046, 3975, 4419, 1913, 2691, 3073, 1462]
peer: 3415, prtners: [5820, 4046, 1080, 4419, 7866, 5505, 67, 401, 5988, 2630]
###
current time: 10
---
total number of peers: 42
---
global randomness: {0=33, 1=9}
---
out-degree: {0=1, 1=1, 7=1, 10=39}
---
in-degree: {0=1, 5=1, 6=2, 7=3, 8=8, 9=7, 10=7, 11=6, 12=1, 13=3, 14=1, 15=1, 17=1}
---
graph statistics: 
Diameter: 42
Average path length: 3,7224
Clustering-coefficient: 0,4803
Average in-degree: 6,2676
In-degree standard deviation: 3,7316
Average out-degree: 9,4762
Biggest cluster size: 41.0
---
peer: 2523, prtners: [5505, 680, 5988, 7289, 3378, 3415, 5820, 1324, 6547, 3648]
peer: 3188, prtners: [6746, 3073, 2035, 1324, 8178, 5505, 5296, 1913, 7289, 3415]
peer: 725, prtners: [6332, 6746, 1477, 1913, 7866, 3378, 680, 4253, 2523, 3042]
peer: 539, prtners: [3975, 6746, 7866, 3631, 7289, 6547, 401, 5505, 3188, 4046]
peer: 5505, prtners: [67, 5065, 2691, 6332, 6760, 2035, 7336, 5988, 4046, 6547]
peer: 1462, prtners: [2691, 5065, 3073, 5505, 3188, 3042, 4253, 5820, 2523, 1477]
peer: 3073, prtners: [3631, 5505, 3042, 6547, 3648, 401, 2035, 6746, 8178, 2691]
peer: 680, prtners: [1654, 2630, 3042, 5296, 1324, 4419, 3378, 5065, 6746, 1080]
peer: 7289, prtners: [3073, 3378, 8178, 6547, 67, 4419, 5505, 5988, 6746, 3975]
peer: 6746, prtners: [1462, 1080, 372, 3188, 4419, 725, 5065, 5820, 4046, 1654]
peer: 2035, prtners: [2523, 3188, 1324, 5065, 4253, 3042, 6332, 2611, 1462, 5988]
peer: 3975, prtners: [6746, 1462, 8178, 3188, 3042, 1477, 2691, 6332, 5065, 5820]
peer: 6760, prtners: [5505, 7866, 7289, 6547, 7336, 5988, 8178, 3042, 1654, 372]
peer: 8178, prtners: [1462, 4046, 3042, 3975, 1477, 5296, 1913, 7866, 5988, 401]
peer: 3631, prtners: [4253, 725, 2691, 6332, 539, 3648, 2630, 3975, 1080, 5820]
peer: 2611, prtners: [1462, 5820, 2035, 3415, 6760, 2691, 372, 1324, 725, 1477]
peer: 401, prtners: [3188, 3042, 1080, 3378, 2630, 3631, 6547, 5505, 3415, 5988]
peer: 3648, prtners: [5296, 6332, 3378, 2611, 6547, 5988, 2691, 401, 4253, 2035]
peer: 67, prtners: [3648, 1324, 3188, 5820, 8178, 3073, 5296, 6746, 3378, 1080]
peer: 1324, prtners: [3415, 680, 2523, 5505, 3188, 7336, 4046, 1462, 7289, 539]
peer: 4046, prtners: [5505, 3415, 3073, 5988, 67, 372, 3631, 2611, 725, 5065]
peer: 1080, prtners: [3073, 539, 1462, 7289, 3378, 2630, 3975, 5505, 3042, 8178]
peer: 6547, prtners: [8178, 2611, 4253, 2035, 5505, 3415, 1477, 4419, 680, 1913]
peer: 5820, prtners: [3073]
peer: 2691, prtners: [1462, 3188, 401, 5988, 3415, 2523, 4253, 7336, 6760, 3378]
peer: 7336, prtners: [2630, 1913, 539, 6746, 1477, 6547, 7866, 67, 3415, 1080]
peer: 353, prtners: null
peer: 2630, prtners: [725, 3415, 6332, 1477, 2035, 1913, 3378, 372, 4046, 2611]
peer: 3042, prtners: [67, 3188, 539, 8178, 6332, 7336, 1080, 7289, 3975, 2611]
peer: 5296, prtners: [725, 539, 5988, 372, 3631, 3415, 4046, 5820, 7336, 3042]
peer: 1477, prtners: [67, 3631, 6547, 3648, 8178, 3378, 2523, 5296, 7866, 539]
peer: 1913, prtners: [5296, 539, 1080, 6746, 2523, 1477, 2611, 67, 3073, 1462]
peer: 5988, prtners: [3042, 725, 5065, 2630, 3631, 5505, 6547, 2523, 3648, 4419]
peer: 5065, prtners: [725, 5820, 1654, 3378, 1477, 2611, 372]
peer: 1654, prtners: [2611, 372, 725, 6746, 5065, 3042, 1080, 5820, 4419, 4046]
peer: 4253, prtners: [6760, 3042, 4419, 4046, 401, 2630, 67, 5505, 1477, 3975]
peer: 7866, prtners: [3378, 3415, 3042, 1324, 4419, 3188, 3975, 3073, 1462, 67]
peer: 4419, prtners: [1654, 3648, 4046, 7866, 3042, 5296, 680, 2630, 5505, 6547]
peer: 372, prtners: [5065, 725, 7289, 3073, 7336, 1324, 3631, 1654, 5296, 2630]
peer: 3378, prtners: [7336, 7866, 5065, 67, 6760, 3188, 3042, 6547, 3415, 401]
peer: 6332, prtners: [1913, 2691, 8178, 67, 539, 4046, 6547, 372, 3188, 7866]
peer: 3415, prtners: [7866, 67, 401, 6760, 2630, 3975, 4253, 1080, 7336, 7289]
###
current time: 11
---
total number of peers: 42
---
global randomness: {0=31, 1=11}
---
out-degree: {0=1, 1=1, 9=1, 10=39}
---
in-degree: {0=1, 6=1, 7=6, 8=8, 9=8, 10=5, 11=1, 12=5, 13=4, 14=2, 15=1}
---
graph statistics: 
Diameter: 42
Average path length: 3,7247
Clustering-coefficient: 0,4574
Average in-degree: 6,6257
In-degree standard deviation: 3,7757
Average out-degree: 9,5238
Biggest cluster size: 41.0
---
peer: 2523, prtners: [680, 5988, 3378, 1324, 6547, 3648, 7866, 7336, 5505, 1913]
peer: 3188, prtners: [1324, 6332, 1462, 5988, 2035, 3975, 5820, 3042, 6746, 67]
peer: 725, prtners: [680, 2523, 3042, 4419, 5065, 2691, 2630, 3975, 1080, 3631]
peer: 539, prtners: [7866, 3631, 7289, 6547, 3188, 4046, 3073, 725, 3042, 1654]
peer: 5505, prtners: [2611, 5065, 5988, 8178, 6760, 3975, 6746, 401, 3188, 539]
peer: 1462, prtners: [5820, 5988, 2691, 6332, 5065, 3975, 3648, 2523, 7866, 539]
peer: 3073, prtners: [2035, 2691, 6746, 1462, 6332, 1913, 372, 4419, 4253, 5820]
peer: 680, prtners: [3042, 5505, 4046, 1462, 1324, 372, 2630, 3188, 725, 5065]
peer: 7289, prtners: [67, 6746, 7336, 1324, 1654, 372, 3042, 6332, 3073, 2691]
peer: 6746, prtners: [1913, 3042, 725, 3378, 1080, 67, 1462, 401, 4046, 8178]
peer: 2035, prtners: [2523, 5065, 4253, 3042, 2611, 5988, 8178, 5296, 7289, 3415]
peer: 3975, prtners: [3188, 5065, 8178, 4419, 1654, 7289, 5505, 2691, 3073, 401]
peer: 6760, prtners: [7866, 7289, 6547, 7336, 1654, 372, 67, 2035, 3631, 725]
peer: 8178, prtners: [3975, 1477, 5296, 1913, 5988, 401, 3378, 3073, 67, 3415]
peer: 3631, prtners: [4253, 539, 3648, 3975, 1080, 5820, 6332, 1654, 3378, 1477]
peer: 2611, prtners: [725, 1477, 5988, 2035, 3648, 4046, 3073, 680, 1913, 6547]
peer: 401, prtners: [5988, 3042, 1477, 4253, 8178, 2691, 3073, 6746, 5820, 7289]
peer: 3648, prtners: [6547, 5820, 6760, 372, 1477, 4046, 7866, 3631, 5988, 3042]
peer: 67, prtners: [3188, 3073, 7866, 2035, 2611, 4046, 6547, 2523, 539, 1477]
peer: 1324, prtners: [2523, 3188, 7336, 1462, 7289, 539, 4419, 3378, 6746, 1080]
peer: 4046, prtners: [5065, 2691, 6760, 2035, 2611, 2630, 1913, 725, 7866, 3378]
peer: 1080, prtners: [539, 7289, 3378, 2630, 3975, 5505, 8178, 1477, 4253, 3648]
peer: 6547, prtners: [8178, 4253, 5505, 1477, 4419, 680, 1913, 1324, 5988, 3648]
peer: 5820, prtners: [1654]
peer: 2691, prtners: [401, 3415, 2523, 7336, 6760, 3378, 3042, 4253, 5820, 1477]
peer: 7336, prtners: [1913, 539, 6746, 1477, 6547, 7866, 67, 1080, 6760, 3042]
peer: 353, prtners: null
peer: 2630, prtners: [725, 1477, 3378, 372, 2611, 3415, 5988, 6332, 6547, 5505]
peer: 3042, prtners: [5296, 725, 7866, 5505, 4419, 3073, 1462, 2630, 3975, 1080]
peer: 5296, prtners: [725, 372, 3631, 4046, 7336, 4253, 7289, 1324, 4419, 3073]
peer: 1477, prtners: [3631, 5296, 5505, 5065, 3975, 1462, 5820, 6760, 3042, 3378]
peer: 1913, prtners: [5296, 2523, 539, 372, 3188, 3042, 6547, 3648, 2035, 2691]
peer: 5988, prtners: [725, 5065, 5505, 6547, 2523, 67, 3188, 1080, 3975, 1462]
peer: 5065, prtners: [5820, 3378, 1477, 2611, 372, 4253, 1080, 4046, 1654]
peer: 1654, prtners: [2611, 4419, 4046, 5065, 1462, 680, 5988, 3073, 5820, 2523]
peer: 4253, prtners: [6760, 4419, 4046, 2630, 67, 1477, 3975, 1080, 5505, 2523]
peer: 7866, prtners: [6760, 3975, 3415, 8178, 5065, 3378, 1080, 6746, 539, 6332]
peer: 4419, prtners: [1654, 4046, 680, 5505, 6547, 2611, 401, 5988, 5296, 725]
peer: 372, prtners: [5065, 725, 3631, 1654, 5296, 2630, 3378, 6547, 5505, 5988]
peer: 3378, prtners: [7336, 5065, 6547, 3415, 401, 3648, 1324, 5296, 1462, 725]
peer: 6332, prtners: [67, 3188, 7866, 1080, 3073, 1462, 2691, 1324, 2035, 2611]
peer: 3415, prtners: [539, 3188, 7289, 6547, 3648, 3042, 1080, 5296, 680, 1654]
###
current time: 12
---
total number of peers: 42
---
global randomness: {0=26, 1=15, 2=1}
---
out-degree: {0=1, 1=1, 9=1, 10=39}
---
in-degree: {0=1, 7=7, 8=6, 9=10, 10=3, 11=5, 12=6, 13=2, 14=1, 15=1}
---
graph statistics: 
Diameter: 42
Average path length: 3,7253
Clustering-coefficient: 0,4630
Average in-degree: 6,9151
In-degree standard deviation: 3,7753
Average out-degree: 9,5476
Biggest cluster size: 41.0
---
peer: 2523, prtners: [5988, 1324, 6547, 3648, 7336, 1913, 4046, 725, 1080, 3415]
peer: 3188, prtners: [5988, 1324, 5065, 5505, 7866, 3073, 401, 3648, 4046, 3975]
peer: 725, prtners: [7289, 3188, 3378, 3415, 6547, 7336, 6760, 2611, 67, 539]
peer: 539, prtners: [6547, 3042, 1654, 3073, 4046, 67, 5505, 2630, 7336, 6760]
peer: 5505, prtners: [3975, 5988, 8178, 2691, 1477, 4046, 2523, 401, 4419, 1654]
peer: 1462, prtners: [3975, 3648, 7866, 539, 5505, 3188, 4046, 1654, 3415, 401]
peer: 3073, prtners: [6332, 725, 1477, 2611, 67, 3042, 2691, 7289, 5505, 6547]
peer: 680, prtners: [1462, 1324, 372, 5065, 3073, 3415, 3378, 5505, 1913, 2523]
peer: 7289, prtners: [7336, 1654, 372, 3042, 6332, 2691, 1913, 1324, 1477, 2035]
peer: 6746, prtners: [1080, 67, 3648, 3188, 2523, 5065, 3042, 2691, 5820, 401]
peer: 2035, prtners: [2523, 5065, 2611, 5988, 8178, 6547, 4419, 1462, 2630, 3975]
peer: 3975, prtners: [1654, 7289, 3378, 539, 5820, 6760, 3648, 3631, 67, 6332]
peer: 6760, prtners: [7866, 1654, 372, 67, 2035, 3631, 4046, 5296, 2611, 3415]
peer: 8178, prtners: [3975, 5296, 1913, 401, 67, 3415, 5820, 6760, 3042, 3378]
peer: 3631, prtners: [4253, 6332, 6547, 6760, 4046, 7866, 3648, 3073, 401, 3378]
peer: 2611, prtners: [2035, 3648, 680, 372, 4253, 5820, 2630, 725, 7866, 4046]
peer: 401, prtners: [5988, 3042, 1477, 4253, 8178, 2691, 3073, 6746, 5820, 7289]
peer: 3648, prtners: [5820, 372, 1477, 4046, 7866, 5988, 3042, 1080, 1654, 3378]
peer: 67, prtners: [4046, 2523, 1477, 7866, 3631, 725, 3042, 4419, 1080, 4253]
peer: 1324, prtners: [1462, 7289, 539, 3378, 6746, 1080, 6332, 3975, 5820, 3042]
peer: 4046, prtners: [5065, 2691, 6760, 2035, 725, 7866, 3378, 5988, 6547, 4253]
peer: 1080, prtners: [539, 7289, 3378, 2630, 3975, 5505, 8178, 1477, 4253, 3648]
peer: 6547, prtners: [4253, 1913, 1324, 5988, 3648, 5065, 1462, 67, 3415, 8178]
peer: 5820, prtners: [3073]
peer: 2691, prtners: [2523, 7336, 6760, 3042, 4253, 3631, 3975, 5988, 680, 6547]
peer: 7336, prtners: [6746, 1477, 6547, 1080, 3042, 5296, 2523, 372, 3648, 2691]
peer: 353, prtners: null
peer: 2630, prtners: [1477, 372, 5988, 6332, 6547, 2691, 1080, 3631, 7289, 5296]
peer: 3042, prtners: [1462, 2035, 67, 6760, 1913, 1080, 5065, 4419, 5505, 2691]
peer: 5296, prtners: [7336, 4253, 1324, 4419, 3073, 680, 2523, 2630, 1080, 3631]
peer: 1477, prtners: [3073, 4419, 3648, 3378, 2691, 2611, 401, 539, 5065, 67]
peer: 1913, prtners: [3188, 6547, 2691, 7866, 6760, 7336, 3415, 680, 3975, 725]
peer: 5988, prtners: [725, 6547, 2523, 3188, 1080, 1462, 8178, 6760, 6746, 1324]
peer: 5065, prtners: [1477, 372, 4253, 725, 6332, 2691, 2523, 4419, 5505, 1462]
peer: 1654, prtners: [2611, 680, 3073, 6547, 4419, 5820, 2035, 7336, 1462, 3415]
peer: 4253, prtners: [6760, 2630, 3975, 5505, 2523, 3188, 2035, 6547, 1477, 3042]
peer: 7866, prtners: [6760, 3415, 8178, 5065, 6746, 6332, 7336, 1654, 5505, 372]
peer: 4419, prtners: [4046, 5988, 5296, 725, 6746, 1913, 2035, 3073, 5065, 1462]
peer: 372, prtners: [5065, 3631, 5296, 2630, 5505, 5988, 6547, 1324, 1462, 725]
peer: 3378, prtners: [2630, 7866, 401, 6746, 539, 67, 3042, 7289, 3648, 1080]
peer: 6332, prtners: [67, 3188, 7866, 1080, 2691, 1324, 2035, 2611, 4253, 5820]
peer: 3415, prtners: [539, 3188, 680, 1654, 5505, 4253, 3042, 5296, 7289, 2035]
###
current time: 13
---
total number of peers: 42
---
global randomness: {0=23, 1=17, 2=2}
---
out-degree: {0=1, 1=1, 10=40}
---
in-degree: {0=1, 5=1, 6=2, 7=6, 8=5, 9=5, 10=7, 11=7, 12=2, 13=3, 14=1, 17=1, 16=1}
---
graph statistics: 
Diameter: 42
Average path length: 3,7323
Clustering-coefficient: 0,4735
Average in-degree: 7,1524
In-degree standard deviation: 3,7857
Average out-degree: 9,5476
Biggest cluster size: 41.0
---
peer: 2523, prtners: [1324, 6547, 3648, 1913, 4046, 3415, 3073, 3975, 3188, 5988]
peer: 3188, prtners: [1324, 401, 4046, 2691, 5820, 6332, 6547, 1080, 1462, 8178]
peer: 725, prtners: [6547, 2611, 539, 1477, 3631, 4419, 67, 7866, 5820, 3648]
peer: 539, prtners: [3073, 4046, 67, 5505, 2630, 6760, 6746, 1477, 3042, 2523]
peer: 5505, prtners: [3378, 3631, 1324, 1080, 5296, 372, 6746, 6332, 1654, 7866]
peer: 1462, prtners: [3975, 3188, 4046, 401, 5296, 1913, 2035, 4419, 6760, 7336]
peer: 3073, prtners: [2691, 1462, 3648, 2611, 401, 5065, 1477, 6332, 3631, 5820]
peer: 680, prtners: [1324, 5065, 3415, 1913, 2523, 6332, 2611, 67, 3042, 2691]
peer: 7289, prtners: [2691, 2035, 6760, 539, 725, 3378, 7866, 6547, 5505, 3188]
peer: 6746, prtners: [3188, 2523, 5065, 3042, 5820, 401, 4253, 5988, 680, 3648]
peer: 2035, prtners: [2523, 2611, 5988, 4419, 1462, 3975, 5296, 1913, 401, 3415]
peer: 3975, prtners: [6332, 3415, 5505, 725, 1913, 6547, 1080, 67, 6746, 6760]
peer: 6760, prtners: [7866, 372, 67, 2035, 4046, 3415, 3648, 725, 6547, 1080]
peer: 8178, prtners: [67, 5820, 3378, 6547, 2630, 3975, 2035, 1462, 1080, 2691]
peer: 3631, prtners: [6547, 4046, 7866, 3073, 401, 3378, 3188, 1080, 6332, 2691]
peer: 2611, prtners: [2035, 2691, 4253, 5296, 3415, 6760, 6547, 4419, 5820, 1654]
peer: 401, prtners: [5988, 1477, 4253, 2691, 3073, 5820, 7289, 725, 4046, 3648]
peer: 3648, prtners: [372, 4046, 7866, 5988, 1080, 1654, 401, 6746, 3042, 7289]
peer: 67, prtners: [4046, 2523, 3042, 1080, 4253, 7289, 3188, 3415, 7336, 539]
peer: 1324, prtners: [1462, 539, 6746, 1080, 6332, 3042, 7289, 5820, 6760, 67]
peer: 4046, prtners: [5065, 4253, 6746, 3188, 7336, 1080, 1654, 372, 2035, 7289]
peer: 1080, prtners: [2630, 3975, 5505, 1477, 4253, 3648, 2611, 4046, 6746, 3042]
peer: 6547, prtners: [67, 3415, 372, 4419, 5505, 3073, 3975, 3188, 5988, 2523]
peer: 5820, prtners: [3073]
peer: 2691, prtners: [5296, 7336, 401, 5505, 6760, 3042, 539, 8178, 1654, 3975]
peer: 7336, prtners: [1080, 3648, 2523, 3631, 3975, 6547, 1654, 4046, 6760, 539]
peer: 353, prtners: null
peer: 2630, prtners: [2035, 1477, 4253, 3378, 2523, 3073, 4046, 6746, 3042, 1080]
peer: 3042, prtners: [1913, 5065, 4419, 2630, 8178, 3975, 5296, 7336, 67, 401]
peer: 5296, prtners: [4253, 1324, 4419, 680, 3631, 725, 7289, 6547, 372, 5505]
peer: 1477, prtners: [4419, 3378, 2691, 539, 5065, 67, 680, 7336, 1080, 5296]
peer: 1913, prtners: [3188, 6547, 7866, 7336, 680, 67, 3042, 1324, 8178, 5505]
peer: 5988, prtners: [6760, 1324, 3975, 6332, 1080, 3415, 2691, 2035, 3378, 4046]
peer: 5065, prtners: [1477, 2523, 4419, 1462, 1324, 3648, 8178, 6547, 6760, 5988]
peer: 1654, prtners: [2611, 680, 3073, 6547, 4419, 5820, 2035, 7336, 1462, 3415]
peer: 4253, prtners: [5988, 5296, 725, 2691, 5505, 5065, 6760, 3648, 3073, 3631]
peer: 7866, prtners: [8178, 5065, 372, 2523, 3648, 1080, 5505, 1654, 3415, 1462]
peer: 4419, prtners: [5988, 725, 6746, 3073, 5065, 3648, 539, 5505, 4046, 401]
peer: 372, prtners: [5988, 680, 3631, 4253, 2611, 3975, 5296, 67, 3042, 2691]
peer: 3378, prtners: [2630, 1080, 1477, 3188, 7336, 725, 3042, 6332, 1913, 1324]
peer: 6332, prtners: [67, 1080, 2035, 2611, 4253, 5820, 5065, 3648, 4046, 3975]
peer: 3415, prtners: [3188, 3042, 5296, 7289, 2035, 1477, 4046, 401, 4419, 1654]
###
current time: 14
---
total number of peers: 42
---
global randomness: {0=17, 1=23, 2=2}
---
out-degree: {0=1, 1=1, 10=40}
---
in-degree: {0=1, 5=2, 6=2, 7=3, 8=5, 9=8, 10=6, 11=4, 12=6, 13=1, 14=3, 15=1}
---
graph statistics: 
Diameter: 42
Average path length: 3,7271
Clustering-coefficient: 0,4593
Average in-degree: 7,3504
In-degree standard deviation: 3,7746
Average out-degree: 9,5476
Biggest cluster size: 41.0
---
peer: 2523, prtners: [3648, 2035, 1477, 1080, 680, 6746, 5820, 8178, 5065, 1654]
peer: 3188, prtners: [401, 6332, 1462, 1080, 2035, 4253, 2630, 680, 6746, 2523]
peer: 725, prtners: [5296, 3415, 4253, 5820, 3378, 2691, 6746, 372, 6547, 4419]
peer: 539, prtners: [3073, 4046, 6760, 6746, 3042, 2523, 4419, 680, 7336, 1080]
peer: 5505, prtners: [372, 6746, 67, 2611, 3975, 725, 3073, 3631, 5296, 4253]
peer: 1462, prtners: [539, 1324, 3042, 3378, 3415, 67, 3073, 2035, 3648, 1654]
peer: 3073, prtners: [1462, 3648, 401, 3631, 5820, 1654, 67, 725, 6760, 6746]
peer: 680, prtners: [3415, 1913, 2523, 2611, 3042, 2691, 4046, 4253, 7289, 3188]
peer: 7289, prtners: [5296, 1477, 372, 3042, 3648, 2691, 1080, 67, 2523, 401]
peer: 6746, prtners: [5065, 3042, 401, 4253, 680, 3648, 1324, 3415, 5988, 2630]
peer: 2035, prtners: [3975, 401, 3415, 4253, 6332, 6547, 5820, 1477, 7866, 2611]
peer: 3975, prtners: [5505, 725, 1913, 6547, 67, 6746, 6760, 4046, 1477, 5988]
peer: 6760, prtners: [2035, 4046, 3648, 3378, 5065, 5988, 2523, 3415, 1462, 7866]
peer: 8178, prtners: [3378, 6547, 2035, 1462, 1080, 3042, 1654, 3975, 7289, 2630]
peer: 3631, prtners: [3073, 3378, 3188, 1080, 6332, 2691, 5505, 3975, 5065, 3648]
peer: 2611, prtners: [4253, 4419, 1913, 4046, 1324, 2691, 5065, 1477, 6332, 3073]
peer: 401, prtners: [1477, 3073, 5820, 4046, 3648, 5505, 6760, 539, 8178, 1654]
peer: 3648, prtners: [7866, 5988, 1080, 1654, 401, 6746, 3042, 725, 3188, 3415]
peer: 67, prtners: [1080, 7289, 3188, 3415, 1324, 5065, 6332, 680, 2523, 6547]
peer: 1324, prtners: [6746, 3042, 7289, 5820, 6760, 3975, 1913, 2035, 4419, 7336]
peer: 4046, prtners: [7336, 1324, 6547, 3415, 7289, 1477, 3073, 6760, 1654, 401]
peer: 1080, prtners: [725, 6547, 6332, 5505, 67, 3975, 4046, 5296, 1324, 1462]
peer: 6547, prtners: [5065, 3648, 3631, 4253, 2691, 4046, 725, 67, 5296, 1080]
peer: 5820, prtners: [5296]
peer: 2691, prtners: [7336, 5988, 401, 3378, 1462, 8178, 539, 3631, 4419, 3415]
peer: 7336, prtners: [3975, 539, 3042, 4253, 67, 2630, 1477, 3188, 1324, 3378]
peer: 353, prtners: null
peer: 2630, prtners: [4253, 3378, 3073, 4046, 6332, 5065, 3631, 2691, 372, 3042]
peer: 3042, prtners: [3975, 7336, 67, 401, 680, 372, 1080, 3188, 1913, 6332]
peer: 5296, prtners: [1324, 4419, 7289, 372, 5505, 5065, 3648, 3073, 3631, 5820]
peer: 1477, prtners: [3378, 2691, 1080, 5505, 2630, 539, 8178, 6547, 6760, 1324]
peer: 1913, prtners: [680, 67, 3042, 1324, 8178, 5505, 5065, 1654, 3415, 6746]
peer: 5988, prtners: [4046, 5296, 2035, 3648, 6547, 5065, 7866, 372, 67, 3415]
peer: 5065, prtners: [2523, 3975, 2691, 2611, 4419, 5296, 67, 6746, 539, 1477]
peer: 1654, prtners: [680, 3631, 3415, 3648, 67, 7336, 3188, 401, 6332, 6760]
peer: 4253, prtners: [5988, 2691, 6760, 680, 372, 5296, 1654, 7866, 1080, 3648]
peer: 7866, prtners: [372, 5505, 1462, 4253, 2611, 3188, 6547, 7336, 8178, 1913]
peer: 4419, prtners: [5988, 3073, 539, 3188, 2523, 3648, 6760, 1654, 67, 3378]
peer: 372, prtners: [5988, 4253, 2611, 3975, 5296, 67, 2691, 1913, 4419, 8178]
peer: 3378, prtners: [1080, 3188, 725, 3042, 6332, 1913, 1324, 5820, 3415, 6760]
peer: 6332, prtners: [5820, 5065, 3378, 3631, 1324, 6746, 5505, 2523, 1462, 1080]
peer: 3415, prtners: [3042, 4046, 401, 4419, 1654, 2691, 6760, 539, 5505, 3188]
###
current time: 15
---
total number of peers: 42
---
global randomness: {0=15, 1=25, 2=2}
---
out-degree: {0=1, 1=1, 10=40}
---
in-degree: {0=1, 7=5, 8=5, 9=12, 10=4, 11=9, 12=3, 13=1, 15=2}
---
graph statistics: 
Diameter: 42
Average path length: 3,7213
Clustering-coefficient: 0,4429
Average in-degree: 7,5182
In-degree standard deviation: 3,7356
Average out-degree: 9,5476
Biggest cluster size: 41.0
---
peer: 2523, prtners: [1080, 680, 6746, 1477, 6332, 5065, 3188, 401, 7866, 4253]
peer: 3188, prtners: [4046, 3975, 1913, 7866, 2611, 725, 6332, 1324, 5820, 3378]
peer: 725, prtners: [3415, 5820, 2691, 6746, 372, 6547, 4419, 5988, 680, 1080]
peer: 539, prtners: [6746, 680, 5988, 7866, 3188, 3648, 8178, 2523, 2035, 401]
peer: 5505, prtners: [6746, 5296, 4253, 1462, 3648, 1654, 725, 4046, 2630, 6547]
peer: 1462, prtners: [1324, 3648, 1654, 6760, 401, 4419, 1080, 3042, 3415, 7336]
peer: 3073, prtners: [67, 725, 6746, 372, 2611, 5296, 5505, 1654, 3188, 2035]
peer: 680, prtners: [3415, 2611, 3042, 2691, 4253, 7289, 6746, 2523, 6547, 67]
peer: 7289, prtners: [3042, 3648, 2691, 2523, 401, 5296, 8178, 6760, 3378, 6547]
peer: 6746, prtners: [3042, 401, 4253, 3415, 5988, 2630, 6760, 3378, 5505, 3648]
peer: 2035, prtners: [3415, 5820, 1477, 2691, 5296, 2630, 67, 1913, 680, 3188]
peer: 3975, prtners: [1913, 6547, 67, 6746, 6760, 1477, 5988, 7289, 3073, 5505]
peer: 6760, prtners: [2035, 4046, 3648, 5065, 5988, 7866, 4419, 5505, 3188, 1477]
peer: 8178, prtners: [3378, 1462, 3042, 1654, 3975, 7289, 2630, 5065, 725, 7866]
peer: 3631, prtners: [3073, 3188, 6332, 5065, 3648, 1462, 2691, 725, 7336, 539]
peer: 2611, prtners: [4253, 4419, 4046, 1477, 3073, 3975, 3631, 6746, 1080, 6332]
peer: 401, prtners: [3648, 539, 8178, 2523, 3378, 2035, 6760, 6746, 5505, 3073]
peer: 3648, prtners: [5988, 1654, 6746, 3042, 3415, 5505, 3975, 4046, 1324, 1462]
peer: 67, prtners: [5065, 6332, 2523, 6547, 2630, 3042, 8178, 1654, 6746, 1913]
peer: 1324, prtners: [4419, 539, 372, 5505, 5065, 3648, 5296, 680, 5988, 6746]
peer: 4046, prtners: [6760, 401, 5505, 725, 5988, 3975, 7336, 680, 3188, 1913]
peer: 1080, prtners: [4046, 6760, 3975, 5065, 3631, 5505, 2630, 539, 6547, 1477]
peer: 6547, prtners: [1080, 3975, 2630, 372, 7336, 7866, 67, 5296, 4253, 5820]
peer: 5820, prtners: [8178]
peer: 2691, prtners: [5988, 3378, 8178, 539, 3631, 3415, 3073, 3188, 2523, 67]
peer: 7336, prtners: [4253, 1477, 3378, 5820, 1913, 1324, 1462, 2630, 7289, 680]
peer: 353, prtners: null
peer: 2630, prtners: [3073, 4046, 5065, 3631, 2691, 372, 3042, 5820, 1324, 1462]
peer: 3042, prtners: [67, 1324, 5505, 4253, 3073, 4419, 1654, 539, 3415, 4046]
peer: 5296, prtners: [4419, 7289, 3648, 3073, 3631, 5820, 6746, 1913, 2035, 1477]
peer: 1477, prtners: [3378, 2691, 8178, 6547, 6760, 1324, 372, 401, 3042, 3631]
peer: 1913, prtners: [8178, 5505, 5065, 1654, 6746, 3415, 1324, 680, 401, 1080]
peer: 5988, prtners: [4046, 5296, 6547, 5065, 3415, 1462, 4253, 7336, 6332, 2035]
peer: 5065, prtners: [5296, 539, 6332, 1913, 1324, 2611, 3648, 2035, 6746, 5820]
peer: 1654, prtners: [680, 7336, 6760, 3378, 372, 5820, 8178, 2691, 5065, 2523]
peer: 4253, prtners: [5296, 3648, 6547, 725, 5988, 3975, 2691, 1913, 372, 3631]
peer: 7866, prtners: [2611, 3188, 1913, 2035, 8178, 3648, 372, 67, 3415, 5988]
peer: 4419, prtners: [3648, 3378, 401, 8178, 2691, 3042, 67, 3073, 2035, 1654]
peer: 372, prtners: [2611, 67, 4419, 7866, 1080, 3378, 6547, 1477, 2523, 7289]
peer: 3378, prtners: [7289, 6547, 401, 2035, 1462, 6760, 372, 5820, 8178, 1654]
peer: 6332, prtners: [1462, 5065, 2630, 2611, 67, 3975, 401, 372, 1080, 3042]
peer: 3415, prtners: [401, 2691, 7336, 1324, 6547, 3378, 2523, 1462, 7866, 6760]
###
current time: 16
---
total number of peers: 42
---
global randomness: {0=14, 1=24, 2=4}
---
out-degree: {0=1, 6=1, 10=40}
---
in-degree: {0=1, 16=1, 5=1, 7=6, 8=2, 9=11, 10=6, 11=3, 12=8, 13=3}
---
graph statistics: 
Diameter: 42
Average path length: 3,7108
Clustering-coefficient: 0,4450
Average in-degree: 7,6706
In-degree standard deviation: 3,7096
Average out-degree: 9,6667
Biggest cluster size: 41.0
---
peer: 2523, prtners: [1080, 6746, 1477, 5065, 3188, 4253, 7289, 1324, 3415, 4046]
peer: 3188, prtners: [7866, 2611, 725, 5820, 3378, 372, 3648, 5296, 5988, 6746]
peer: 725, prtners: [5820, 2691, 6547, 4419, 5988, 680, 3975, 5505, 3648, 6746]
peer: 539, prtners: [6746, 680, 5988, 2523, 2035, 401, 2630, 6760, 1324, 6332]
peer: 5505, prtners: [5065, 6746, 7866, 1477, 6760, 3975, 680, 3415, 3648, 4046]
peer: 1462, prtners: [6760, 401, 3073, 3631, 2630, 4253, 1477, 7289, 7336, 8178]
peer: 3073, prtners: [372, 680, 5296, 4253, 1080, 3975, 3378, 2691, 6760, 401]
peer: 680, prtners: [3415, 4046, 401, 7866, 4253, 2523, 8178, 5065, 7336, 1654]
peer: 7289, prtners: [3648, 2691, 401, 5296, 6760, 6547, 8178, 372, 3188, 4419]
peer: 6746, prtners: [3042, 401, 3415, 6760, 3648, 4419, 1324, 3975, 1462, 5988]
peer: 2035, prtners: [3415, 1477, 2630, 67, 680, 3188, 3648, 5820, 6746, 1913]
peer: 3975, prtners: [1913, 3631, 372, 3042, 2611, 6746, 5505, 3188, 2691, 680]
peer: 6760, prtners: [2035, 3648, 5065, 4419, 3188, 1477, 5296, 725, 2630, 3378]
peer: 8178, prtners: [3415, 5065, 3648, 401, 539, 3378, 6547, 6760, 3631, 1477]
peer: 3631, prtners: [3073, 5065, 1462, 2691, 725, 7336, 539, 2630, 3042, 4253]
peer: 2611, prtners: [4419, 1477, 3073, 5065, 372, 3042, 6332, 6547, 5296, 4253]
peer: 401, prtners: [3378, 2035, 6760, 6746, 5505, 3073, 4419, 6332, 5988, 3188]
peer: 3648, prtners: [401, 1654, 4046, 680, 5505, 2611, 1913, 67, 5988, 7866]
peer: 67, prtners: [2611, 2035, 1080, 372, 4253, 539, 3631, 7866, 3378, 2691]
peer: 1324, prtners: [539, 4253, 1462, 2630, 6547, 4046, 3975, 1913, 6332, 3188]
peer: 4046, prtners: [5988, 7336, 3188, 1913, 1324, 4253, 3378, 7866, 1477, 6760]
peer: 1080, prtners: [3631, 2630, 5296, 1324, 6746, 5820, 3415, 372, 5988, 725]
peer: 6547, prtners: [3975, 2630, 7336, 7866, 5296, 5820, 2523, 3042, 1913, 4046]
peer: 5820, prtners: [8178, 6760, 3631, 1477, 7289, 1462]
peer: 2691, prtners: [5988, 3073, 372, 4253, 2611, 680, 3042, 1654, 4046, 6547]
peer: 7336, prtners: [3378, 1913, 1324, 2630, 680, 1654, 3042, 3415, 4046, 372]
peer: 353, prtners: null
peer: 2630, prtners: [5065, 2691, 372, 3042, 5820, 1324, 3648, 4419, 1080, 7336]
peer: 3042, prtners: [5505, 4419, 539, 6746, 67, 680, 3631, 7289, 372, 3378]
peer: 5296, prtners: [4419, 7289, 3631, 1913, 2035, 67, 725, 2611, 5505, 3188]
peer: 1477, prtners: [3042, 3648, 3975, 3073, 7289, 725, 8178, 6760, 3631, 5820]
peer: 1913, prtners: [8178, 1654, 3415, 1324, 401, 1080, 6760, 1477, 2630, 67]
peer: 5988, prtners: [5296, 5065, 4253, 7336, 6332, 2035, 7866, 6760, 1462, 8178]
peer: 5065, prtners: [1080, 67, 5505, 680, 1913, 1462, 1654, 6547, 401, 1324]
peer: 1654, prtners: [680, 8178, 2691, 5065, 2523, 1913, 4253, 7336, 539, 3648]
peer: 4253, prtners: [6547, 725, 2691, 372, 3631, 6746, 6760, 5988, 7289, 3073]
peer: 7866, prtners: [2035, 8178, 372, 3415, 5988, 3042, 6760, 725, 3188, 1654]
peer: 4419, prtners: [401, 3042, 67, 3073, 1654, 2523, 3975, 1080, 3415, 3188]
peer: 372, prtners: [2611, 67, 4419, 1477, 2523, 7289, 1654, 3415, 3042, 3975]
peer: 3378, prtners: [5065, 67, 3648, 2691, 2035, 3042, 2523, 8178, 6760, 7289]
peer: 6332, prtners: [3975, 401, 1080, 4046, 6746, 3188, 3648, 1462, 539, 3631]
peer: 3415, prtners: [7336, 4046, 6547, 5065, 2035, 5988, 2630, 5296, 725, 1080]
###
current time: 17
---
total number of peers: 42
---
global randomness: {0=11, 1=26, 2=5}
---
out-degree: {0=1, 10=41}
---
in-degree: {0=1, 16=1, 6=5, 7=2, 8=4, 9=7, 10=7, 11=4, 12=5, 13=2, 14=4}
---
graph statistics: 
Diameter: 42
Average path length: 3,7033
Clustering-coefficient: 0,4667
Average in-degree: 7,8091
In-degree standard deviation: 3,6932
Average out-degree: 9,7619
Biggest cluster size: 41.0
---
peer: 2523, prtners: [6746, 3975, 2630, 1913, 2035, 2691, 6760, 8178, 372, 4419]
peer: 3188, prtners: [5820, 3378, 4419, 3415, 3975, 1477, 725, 5065, 401, 6760]
peer: 725, prtners: [4419, 6746, 5505, 1913, 67, 5988, 3415, 6760, 3648, 1477]
peer: 539, prtners: [2523, 2035, 401, 2630, 6760, 1324, 6332, 3975, 5988, 7336]
peer: 5505, prtners: [7866, 3975, 680, 3415, 4046, 3042, 3073, 7289, 8178, 3631]
peer: 1462, prtners: [8178, 4253, 1324, 1080, 1654, 5065, 3975, 6746, 3648, 5505]
peer: 3073, prtners: [2691, 6547, 372, 6760, 5988, 4253, 3378, 2035, 3188, 3415]
peer: 680, prtners: [2523, 7336, 1654, 5505, 5988, 3648, 5065, 3378, 6547, 3631]
peer: 7289, prtners: [3648, 401, 1080, 3415, 4046, 6547, 2523, 4253, 6332, 6760]
peer: 6746, prtners: [4419, 1324, 5505, 3378, 3415, 7336, 680, 2523, 401, 539]
peer: 2035, prtners: [3415, 2630, 67, 3648, 5820, 6746, 8178, 1654, 1080, 6760]
peer: 3975, prtners: [3631, 3042, 2611, 6746, 5505, 3188, 5988, 4253, 680, 6547]
peer: 6760, prtners: [5296, 2630, 3378, 3631, 8178, 3648, 5988, 7289, 1654, 3415]
peer: 8178, prtners: [3415, 539, 3378, 6547, 1477, 4253, 1654, 3648, 680, 2035]
peer: 3631, prtners: [725, 539, 2611, 2035, 7866, 67, 1324, 1654, 4419, 3378]
peer: 2611, prtners: [4419, 3073, 5065, 3042, 6332, 6547, 4253, 7866, 5296, 6746]
peer: 401, prtners: [6746, 6332, 3188, 1654, 3415, 1080, 3975, 2691, 5988, 3073]
peer: 3648, prtners: [8178, 5065, 680, 1080, 3631, 4046, 1462, 4419, 2630, 5820]
peer: 67, prtners: [4253, 539, 7866, 2691, 2630, 2523, 3415, 3042, 3975, 372]
peer: 1324, prtners: [4046, 3975, 1913, 6332, 3188, 401, 3073, 3631, 2630, 4253]
peer: 4046, prtners: [539, 5988, 3073, 4253, 1654, 2691, 401, 2611, 7866, 6547]
peer: 1080, prtners: [5820, 372, 725, 401, 8178, 2035, 5065, 7336, 1462, 1324]
peer: 6547, prtners: [5820, 3042, 4046, 1080, 3415, 1477, 5065, 3188, 4253, 1324]
peer: 5820, prtners: [6760, 3631, 1462, 1654, 2035, 7289, 5065, 3648, 4419, 2630]
peer: 2691, prtners: [680, 3042, 6547, 1913, 2611, 6746, 3975, 7866, 6760, 3631]
peer: 7336, prtners: [680, 3415, 4046, 67, 372, 1462, 3042, 1080, 7866, 3631]
peer: 353, prtners: null
peer: 2630, prtners: [2691, 372, 3042, 4419, 1080, 7336, 8178, 401, 1654, 7289]
peer: 3042, prtners: [539, 680, 3648, 1462, 5988, 6746, 401, 3631, 5296, 1654]
peer: 5296, prtners: [5505, 2630, 6746, 7866, 5988, 8178, 372, 3188, 4419, 7289]
peer: 1477, prtners: [8178, 3631, 5505, 539, 6547, 67, 1654, 1462, 2691, 3975]
peer: 1913, prtners: [4046, 5065, 7336, 5988, 3042, 2691, 2523, 6547, 401, 1654]
peer: 5988, prtners: [2035, 67, 725, 2611, 1324, 1477, 3631, 6746, 5820, 1080]
peer: 5065, prtners: [680, 1913, 6760, 7336, 3975, 1324, 3042, 8178, 7289, 3378]
peer: 1654, prtners: [2691, 2523, 1913, 7336, 539, 3648, 6547, 67, 6332, 401]
peer: 4253, prtners: [725, 372, 3631, 6746, 6760, 5988, 7289, 680, 5296, 2691]
peer: 7866, prtners: [8178, 372, 3042, 6760, 3188, 1654, 5988, 5296, 725, 1080]
peer: 4419, prtners: [67, 2523, 3188, 6760, 6332, 401, 2630, 372, 2611, 5296]
peer: 372, prtners: [5296, 6746, 3188, 1080, 3378, 5065, 3073, 6332, 4253, 2611]
peer: 3378, prtners: [67, 3648, 2691, 2035, 2523, 7289, 5505, 6547, 401, 1324]
peer: 6332, prtners: [3975, 401, 6746, 3188, 1462, 5988, 7336, 4253, 3378, 1477]
peer: 3415, prtners: [7866, 2611, 5296, 1913, 5505, 6332, 4419, 2691, 3073, 401]
###
current time: 0
---
total number of peers: 0
---
global randomness: {}
---
out-degree: {}
---
in-degree: {}
---
graph statistics: 
Diameter: 0
Average path length: 0,0000
Clustering-coefficient: 0,0000
Average in-degree: NaN
In-degree standard deviation: NaN
Average out-degree: 0,0000
Biggest cluster size: -2.147483648E9
---
###
current time: 1
---
total number of peers: 0
---
global randomness: {}
---
out-degree: {}
---
in-degree: {}
---
graph statistics: 
Diameter: 0
Average path length: 0,0000
Clustering-coefficient: 0,0000
Average in-degree: NaN
In-degree standard deviation: NaN
Average out-degree: 0,0000
Biggest cluster size: -2.147483648E9
---
peer: 2268, prtners: null
###
current time: 2
---
total number of peers: 18
---
global randomness: {0=18}
---
out-degree: {0=14, 1=2, 3=2}
---
in-degree: {0=12, 1=4, 2=2}
---
graph statistics: 
Diameter: 18
Average path length: 17,5033
Clustering-coefficient: 0,9259
Average in-degree: 0,4444
In-degree standard deviation: 0,7048
Average out-degree: 0,4444
Biggest cluster size: 4.0
---
peer: 61, prtners: [4880]
peer: 3885, prtners: [4880, 7374, 761, 61, 7371]
peer: 8068, prtners: null
peer: 6307, prtners: null
peer: 2268, prtners: null
peer: 4835, prtners: null
peer: 7371, prtners: null
peer: 8004, prtners: [2677, 4290, 6233]
peer: 564, prtners: null
peer: 4290, prtners: [2677]
peer: 4880, prtners: []
peer: 6626, prtners: null
peer: 2677, prtners: []
peer: 2595, prtners: null
peer: 7374, prtners: [4880]
peer: 761, prtners: [7374]
peer: 6182, prtners: null
peer: 6233, prtners: [4290]
###
current time: 3
---
total number of peers: 28
---
global randomness: {0=28}
---
out-degree: {0=6, 1=16, 2=2, 3=1, 4=1, 5=1, 10=1}
---
in-degree: {0=5, 1=11, 2=9, 3=1, 5=2}
---
graph statistics: 
Diameter: 28
Average path length: 17,1204
Clustering-coefficient: 0,9194
Average in-degree: 1,0870
In-degree standard deviation: 1,1893
Average out-degree: 1,5000
Biggest cluster size: 19.0
---
peer: 61, prtners: [4880]
peer: 3885, prtners: [761, 7371, 6307, 564, 5455, 1742, 2355, 2701, 592, 414]
peer: 8068, prtners: null
peer: 6307, prtners: [61]
peer: 1742, prtners: [7371, 5176, 3042, 6974]
peer: 2268, prtners: null
peer: 4835, prtners: [6307]
peer: 8004, prtners: [4290, 6233]
peer: 564, prtners: [61]
peer: 592, prtners: [4000]
peer: 4880, prtners: [7374, 5455, 1742, 4000, 3885]
peer: 4290, prtners: [6233, 8004, 2677]
peer: 3042, prtners: [5176]
peer: 2355, prtners: [4835]
peer: 414, prtners: null
peer: 2677, prtners: [6233, 8004]
peer: 2595, prtners: null
peer: 6182, prtners: null
peer: 2701, prtners: [7371]
peer: 6233, prtners: [4290]
peer: 5455, prtners: [61]
peer: 7371, prtners: [61]
peer: 5176, prtners: [7371]
peer: 6974, prtners: [7371]
peer: 6626, prtners: null
peer: 7374, prtners: [4880]
peer: 4000, prtners: [61]
peer: 761, prtners: [7374]
###
